Python: 3.13.7 macOS-15.6.1-arm64-arm-64bit-Mach-O
CONFIG_ARGS: '--prefix=/opt/homebrew/opt/python@3.13' '--enable-ipv6' '--datarootdir=/opt/homebrew/opt/python@3.13/share' '--datadir=/opt/homebrew/opt/python@3.13/share' '--without-ensurepip' '--enable-loadable-sqlite-extensions' '--with-openssl=/opt/homebrew/opt/openssl@3' '--enable-optimizations' '--with-system-expat' '--with-system-libmpdec' '--with-readline=editline' '--with-lto' '--enable-framework=/opt/homebrew/opt/python@3.13/Frameworks' '--with-dtrace' '--with-dbmliborder=ndbm' 'MACOSX_DEPLOYMENT_TARGET=15' 'CFLAGS_NODIST=-I/opt/homebrew/include' 'LDFLAGS_NODIST=-L/opt/homebrew/lib -Wl,-rpath,/opt/homebrew/lib' 'CPPFLAGS=-I/opt/homebrew/include' 'py_cv_module__tkinter=n/a' 'PKG_CONFIG_PATH=/opt/homebrew/opt/pkgconf/lib/pkgconfig:/opt/homebrew/opt/mpdecimal/lib/pkgconfig:/opt/homebrew/opt/openssl@3/lib/pkgconfig:/opt/homebrew/opt/readline/lib/pkgconfig:/opt/homebrew/opt/sqlite/lib/pkgconfig:/opt/homebrew/opt/xz/lib/pkgconfig' 'PKG_CONFIG_LIBDIR=/usr/lib/pkgconfig:/opt/homebrew/Library/Homebrew/os/mac/pkgconfig/15' 'CC=clang'
Arch: arm64 64 bit
NumPy: 2.2.6
Build Dependencies:
  blas:
    detection method: system
    found: true
    include directory: unknown
    lib directory: unknown
    name: accelerate
    openblas configuration: unknown
    pc file directory: unknown
    version: unknown
  lapack:
    detection method: system
    found: true
    include directory: unknown
    lib directory: unknown
    name: accelerate
    openblas configuration: unknown
    pc file directory: unknown
    version: unknown
Compilers:
  c:
    commands: cc
    linker: ld64
    name: clang
    version: 15.0.0
  c++:
    commands: c++
    linker: ld64
    name: clang
    version: 15.0.0
  cython:
    commands: cython
    linker: cython
    name: cython
    version: 3.1.0
Machine Information:
  build:
    cpu: aarch64
    endian: little
    family: aarch64
    system: darwin
  host:
    cpu: aarch64
    endian: little
    family: aarch64
    system: darwin
Python Information:
  path: /private/var/folders/w5/_8wgjw3j5cg6mgrth3s2kg9m0000gn/T/build-env-e8puyo3e/bin/python
  version: '3.13'
SIMD Extensions:
  baseline:
  - NEON
  - NEON_FP16
  - NEON_VFPV4
  - ASIMD
  found:
  - ASIMDHP
  not found:
  - ASIMDFHM

Numba: 0.61.2 llvmlite: 0.44.0
OPENBLAS_NUM_THREADS= None
OMP_NUM_THREADS= None
